<?xml version="1.0" encoding="UTF-8"?>
<testsuite name="com.jojoldu.book.springboot.web.dto.HelloResponseDtoTest" tests="1" skipped="0" failures="0" errors="0" timestamp="2025-09-04T05:28:31.275Z" hostname="CORNERSTONE" time="0.057">
  <properties/>
  <testcase name="롬복_기능_테스트()" classname="com.jojoldu.book.springboot.web.dto.HelloResponseDtoTest" time="0.057"/>
  <system-out><![CDATA[]]></system-out>
  <system-err><![CDATA[]]></system-err>
</testsuite>
